16:47:16.332 [main] INFO  testCases.TC001_carLoan - Website opened successfully___☑️
17:15:47.747 [main] INFO  testCases.TC001_carLoan -  Testing in chrome___
17:15:47.760 [main] INFO  testCases.TC001_carLoan - Chrome opened successfully___☑️
17:16:13.942 [main] INFO  testCases.TC001_carLoan - Website opened successfully___☑️
17:17:31.315 [main] INFO  testCases.TC001_carLoan - Browser closed successfully___☑️
17:17:57.137 [main] INFO  testCases.TC001_carLoan -  Testing in edge___
17:17:57.137 [main] INFO  testCases.TC001_carLoan - Edge opened successfully___☑️
17:19:05.118 [main] INFO  testCases.TC001_carLoan - Website opened successfully___☑️
17:20:01.879 [main] INFO  testCases.TC001_carLoan - Browser closed successfully___☑️
12:45:16.433 [main] INFO  stepDefinitions.Hooks -  Testing in chrome___
12:47:40.328 [main] INFO  stepDefinitions.Hooks -  Testing in chrome___
12:48:55.278 [main] INFO  stepDefinitions.Hooks -  Testing in chrome___
13:45:35.789 [main] INFO  stepDefinitions.Hooks -  Testing in chrome___
14:11:43.334 [main] INFO  stepDefinitions.Hooks -  Testing in chrome___
15:10:57.998 [main] INFO  stepDefinitions.Hooks -  Testing in chrome___
15:11:42.084 [main] INFO  stepDefinitions.Hooks -  Testing in chrome___
15:29:17.205 [main] INFO  stepDefinitions.Hooks -  Testing in chrome___
15:35:59.083 [main] INFO  stepDefinitions.Hooks -  Testing in chrome___
16:30:13.003 [main] INFO  stepDefinitions.Hooks -  Testing in chrome___
16:48:28.829 [main] INFO  testCases.TC001_carLoan -  Testing in chrome___
16:48:28.842 [main] INFO  testCases.TC001_carLoan - Chrome opened successfully___☑️
16:48:43.661 [main] INFO  testCases.TC001_carLoan - Website opened successfully___☑️
16:49:24.897 [main] INFO  testCases.TC001_carLoan - Browser closed successfully___☑️
16:52:22.510 [main] INFO  testCases.TC001_carLoan -  Testing in chrome___
16:52:22.523 [main] INFO  testCases.TC001_carLoan - Chrome opened successfully___☑️
16:53:40.401 [main] INFO  testCases.TC001_carLoan - Website opened successfully___☑️
16:54:26.167 [main] INFO  testCases.TC001_carLoan - Browser closed successfully___☑️
16:55:13.378 [main] INFO  testCases.TC001_carLoan -  Testing in chrome___
16:55:13.395 [main] INFO  testCases.TC001_carLoan - Chrome opened successfully___☑️
16:56:02.533 [main] INFO  testCases.TC001_carLoan - Website opened successfully___☑️
16:56:46.956 [main] INFO  testCases.TC001_carLoan - Browser closed successfully___☑️
17:00:24.669 [main] INFO  stepDefinitions.Hooks -  Testing in chrome___
17:07:07.853 [main] INFO  stepDefinitions.Hooks -  Testing in chrome___
17:11:40.683 [main] INFO  stepDefinitions.Hooks -  Testing in chrome___
17:16:10.826 [main] INFO  stepDefinitions.Hooks -  Testing in chrome___
17:41:20.849 [main] INFO  stepDefinitions.Hooks -  Testing in chrome___
17:44:12.753 [main] INFO  stepDefinitions.Hooks -  Testing in chrome___
22:24:01.857 [main] INFO  stepDefinitions.Hooks -  Testing in chrome___
23:17:03.065 [main] INFO  stepDefinitions.Hooks -  Testing in chrome___
10:58:30.802 [main] INFO  stepDefinitions.Hooks -  Testing in chrome___
11:20:51.557 [main] INFO  stepDefinitions.Hooks -  Testing in chrome___
11:32:47.812 [main] INFO  stepDefinitions.Hooks -  Testing in chrome___
11:37:08.447 [main] INFO  stepDefinitions.Hooks -  Testing in chrome___
11:45:15.925 [main] INFO  stepDefinitions.Hooks -  Testing in chrome___
11:56:35.486 [main] INFO  testCases.TC001_carLoan -  Testing in chrome___
11:56:35.502 [main] INFO  testCases.TC001_carLoan - Chrome opened successfully___☑️
11:57:06.889 [main] INFO  testCases.TC001_carLoan - Website opened successfully___☑️
11:58:53.223 [main] INFO  testCases.TC001_carLoan - Browser closed successfully___☑️
11:59:20.053 [main] INFO  testCases.TC001_carLoan -  Testing in chrome___
11:59:20.070 [main] INFO  testCases.TC001_carLoan - Chrome opened successfully___☑️
11:59:26.149 [main] INFO  testCases.TC001_carLoan - Website opened successfully___☑️
11:59:39.686 [main] INFO  testCases.TC001_carLoan -  Testing in edge___
11:59:39.686 [main] INFO  testCases.TC001_carLoan - Edge opened successfully___☑️
11:59:46.560 [main] INFO  testCases.TC001_carLoan - Website opened successfully___☑️
12:01:06.784 [main] INFO  testCases.TC001_carLoan - Browser closed successfully___☑️
12:01:38.795 [main] INFO  testCases.TC001_carLoan -  Testing in edge___
12:01:38.799 [main] INFO  testCases.TC001_carLoan - Edge opened successfully___☑️
12:01:48.129 [main] INFO  testCases.TC001_carLoan - Website opened successfully___☑️
12:01:49.220 [main] INFO  testCases.TC001_carLoan - Browser closed successfully___☑️
12:06:15.922 [main] INFO  stepDefinitions.Hooks -  Testing in chrome___
12:23:15.409 [main] INFO  stepDefinitions.Hooks -  Testing in chrome___
12:30:20.815 [main] INFO  stepDefinitions.Hooks -  Testing in chrome___
12:38:34.415 [main] INFO  stepDefinitions.Hooks -  Testing in chrome___
