23:12:08.084 [main] INFO  testCases.TC001_carLoan - chrome opened successfully___☑️
23:12:14.677 [main] INFO  testCases.TC001_carLoan - Website opened successfully___☑️
23:18:38.013 [main] INFO  testCases.TC001_carLoan - chrome opened successfully___☑️
23:18:46.069 [main] INFO  testCases.TC001_carLoan - Website opened successfully___☑️
23:40:39.306 [main] INFO  testCases.TC001_carLoan - chrome opened successfully___☑️
23:40:45.607 [main] INFO  testCases.TC001_carLoan - Website opened successfully___☑️
23:53:23.056 [main] INFO  testCases.TC001_carLoan - chrome opened successfully___☑️
23:53:29.865 [main] INFO  testCases.TC001_carLoan - Website opened successfully___☑️
23:57:25.262 [main] INFO  testCases.TC001_carLoan - chrome opened successfully___☑️
23:57:30.212 [main] INFO  testCases.TC001_carLoan - Website opened successfully___☑️
00:00:30.766 [main] INFO  testCases.TC001_carLoan - chrome opened successfully___☑️
00:00:35.568 [main] INFO  testCases.TC001_carLoan - Website opened successfully___☑️
00:16:49.567 [main] INFO  testCases.TC003_LoanCalc - chrome opened successfully___☑️
00:16:55.256 [main] INFO  testCases.TC003_LoanCalc - Website opened successfully___☑️
10:41:15.010 [main] INFO  testCases.TC003_LoanCalc - chrome opened successfully___☑️
10:41:17.970 [main] INFO  testCases.TC003_LoanCalc - Website opened successfully___☑️
11:17:37.063 [main] INFO  testCases.TC003_LoanCalc - chrome opened successfully___☑️
11:17:40.590 [main] INFO  testCases.TC003_LoanCalc - Website opened successfully___☑️
11:22:44.842 [main] INFO  testCases.TC003_LoanCalc - chrome opened successfully___☑️
11:22:53.150 [main] INFO  testCases.TC003_LoanCalc - Website opened successfully___☑️
11:26:35.887 [main] INFO  testCases.TC003_LoanCalc - chrome opened successfully___☑️
11:26:41.082 [main] INFO  testCases.TC003_LoanCalc - Website opened successfully___☑️
11:37:11.615 [main] INFO  testCases.TC003_LoanCalc - chrome opened successfully___☑️
11:37:13.343 [main] INFO  testCases.TC003_LoanCalc - Website opened successfully___☑️
11:38:27.936 [main] INFO  testCases.TC003_LoanCalc - chrome opened successfully___☑️
11:38:36.496 [main] INFO  testCases.TC003_LoanCalc - Website opened successfully___☑️
11:40:00.300 [main] INFO  testCases.TC003_LoanCalc - chrome opened successfully___☑️
11:40:05.154 [main] INFO  testCases.TC003_LoanCalc - Website opened successfully___☑️
12:08:30.383 [main] INFO  testCases.TC003_LoanCalc - chrome opened successfully___☑️
12:08:32.207 [main] INFO  testCases.TC003_LoanCalc - Website opened successfully___☑️
12:11:54.784 [main] INFO  testCases.TC003_LoanCalc - chrome opened successfully___☑️
12:12:25.749 [main] INFO  testCases.TC003_LoanCalc - Website opened successfully___☑️
12:37:35.305 [main] INFO  testCases.TC003_LoanCalc - chrome opened successfully___☑️
12:37:37.165 [main] INFO  testCases.TC003_LoanCalc - Website opened successfully___☑️
12:39:39.465 [main] INFO  testCases.TC003_LoanCalc - chrome opened successfully___☑️
12:39:48.705 [main] INFO  testCases.TC003_LoanCalc - Website opened successfully___☑️
13:33:30.006 [main] INFO  testCases.TC001_carLoan - chrome opened successfully___☑️
13:33:35.915 [main] INFO  testCases.TC001_carLoan - Website opened successfully___☑️
13:42:15.584 [main] INFO  testCases.TC001_carLoan - chrome opened successfully___☑️
13:42:19.857 [main] INFO  testCases.TC001_carLoan - Website opened successfully___☑️
13:46:54.804 [main] INFO  testCases.TC002_homeLoan - chrome opened successfully___☑️
13:46:58.237 [main] INFO  testCases.TC002_homeLoan - Website opened successfully___☑️
13:52:38.523 [main] INFO  testCases.TC001_carLoan - chrome opened successfully___☑️
13:52:42.231 [main] INFO  testCases.TC001_carLoan - Website opened successfully___☑️
14:33:34.528 [main] INFO  testCases.TC003_LoanCalc - chrome opened successfully___☑️
14:33:43.611 [main] INFO  testCases.TC003_LoanCalc - Website opened successfully___☑️
14:45:12.414 [main] INFO  testCases.TC003_LoanCalc - chrome opened successfully___☑️
14:45:17.509 [main] INFO  testCases.TC003_LoanCalc - Website opened successfully___☑️
14:49:33.472 [main] INFO  testCases.TC003_LoanCalc - chrome opened successfully___☑️
14:49:37.345 [main] INFO  testCases.TC003_LoanCalc - Website opened successfully___☑️
14:55:59.135 [main] INFO  testCases.TC003_LoanCalc - chrome opened successfully___☑️
14:56:05.893 [main] INFO  testCases.TC003_LoanCalc - Website opened successfully___☑️
14:58:29.233 [main] INFO  testCases.TC003_LoanCalc - chrome opened successfully___☑️
14:58:34.147 [main] INFO  testCases.TC003_LoanCalc - Website opened successfully___☑️
15:29:03.406 [main] INFO  testCases.TC003_LoanCalc - chrome opened successfully___☑️
15:29:12.392 [main] INFO  testCases.TC003_LoanCalc - Website opened successfully___☑️
