12:19:29.441 [main] INFO  testCases.TC001_carLoan - Website opened successfully___☑️
12:26:09.932 [main] INFO  testCases.TC001_carLoan - chrome opened successfully___☑️
12:26:40.801 [main] INFO  testCases.TC001_carLoan - Website opened successfully___☑️
12:47:44.769 [main] INFO  testCases.TC004_LoanAmountCalc - chrome opened successfully___☑️
12:48:20.834 [main] INFO  testCases.TC004_LoanAmountCalc - Website opened successfully___☑️
12:49:42.929 [main] INFO  testCases.TC001_carLoan - chrome opened successfully___☑️
12:49:48.945 [main] INFO  testCases.TC001_carLoan - Website opened successfully___☑️
12:59:44.420 [main] INFO  testCases.TC001_carLoan - chrome opened successfully___☑️
12:59:52.656 [main] INFO  testCases.TC001_carLoan - Website opened successfully___☑️
13:13:58.519 [main] INFO  testCases.TC004_LoanAmountCalc - chrome opened successfully___☑️
13:14:11.059 [main] INFO  testCases.TC004_LoanAmountCalc - Website opened successfully___☑️
13:15:25.795 [main] INFO  testCases.TC001_carLoan - chrome opened successfully___☑️
13:15:32.803 [main] INFO  testCases.TC001_carLoan - Website opened successfully___☑️
13:50:00.766 [main] INFO  testCases.TC001_carLoan - chrome opened successfully___☑️
13:50:19.751 [main] INFO  testCases.TC001_carLoan - Website opened successfully___☑️
13:55:40.830 [main] INFO  testCases.TC001_carLoan - chrome opened successfully___☑️
13:55:47.032 [main] INFO  testCases.TC001_carLoan - Website opened successfully___☑️
13:58:02.733 [main] INFO  testCases.TC001_carLoan - chrome opened successfully___☑️
13:59:02.981 [main] INFO  testCases.TC001_carLoan - Website opened successfully___☑️
14:03:33.726 [main] INFO  testCases.TC001_carLoan - chrome opened successfully___☑️
14:03:39.053 [main] INFO  testCases.TC001_carLoan - Website opened successfully___☑️
14:19:11.158 [main] INFO  testCases.TC001_carLoan - chrome opened successfully___☑️
14:19:16.826 [main] INFO  testCases.TC001_carLoan - Website opened successfully___☑️
14:32:26.485 [main] INFO  testCases.TC005_LoanTenureCalc - chrome opened successfully___☑️
14:32:50.272 [main] INFO  testCases.TC005_LoanTenureCalc - Website opened successfully___☑️
14:43:19.797 [main] INFO  testCases.TC005_LoanTenureCalc - chrome opened successfully___☑️
14:43:25.038 [main] INFO  testCases.TC005_LoanTenureCalc - Website opened successfully___☑️
15:01:33.092 [main] INFO  testCases.TC005_LoanTenureCalc - chrome opened successfully___☑️
15:01:38.267 [main] INFO  testCases.TC005_LoanTenureCalc - Website opened successfully___☑️
15:03:36.634 [main] INFO  testCases.TC005_LoanTenureCalc - chrome opened successfully___☑️
15:03:43.817 [main] INFO  testCases.TC005_LoanTenureCalc - Website opened successfully___☑️
15:05:03.874 [main] INFO  testCases.TC005_LoanTenureCalc - chrome opened successfully___☑️
15:05:28.492 [main] INFO  testCases.TC005_LoanTenureCalc - Website opened successfully___☑️
15:46:20.569 [main] INFO  testCases.TC005_LoanTenureCalc - chrome opened successfully___☑️
15:46:29.259 [main] INFO  testCases.TC005_LoanTenureCalc - Website opened successfully___☑️
15:51:10.347 [main] INFO  testCases.TC005_LoanTenureCalc - chrome opened successfully___☑️
15:51:16.086 [main] INFO  testCases.TC005_LoanTenureCalc - Website opened successfully___☑️
16:02:01.306 [main] INFO  testCases.TC005_LoanTenureCalc - chrome opened successfully___☑️
16:02:05.965 [main] INFO  testCases.TC005_LoanTenureCalc - Website opened successfully___☑️
16:05:15.588 [main] INFO  testCases.TC005_LoanTenureCalc - chrome opened successfully___☑️
16:05:22.892 [main] INFO  testCases.TC005_LoanTenureCalc - Website opened successfully___☑️
16:08:26.649 [main] INFO  testCases.TC005_LoanTenureCalc - chrome opened successfully___☑️
16:08:31.480 [main] INFO  testCases.TC005_LoanTenureCalc - Website opened successfully___☑️
16:10:36.068 [main] INFO  testCases.TC005_LoanTenureCalc - chrome opened successfully___☑️
16:10:40.043 [main] INFO  testCases.TC005_LoanTenureCalc - Website opened successfully___☑️
16:19:45.542 [main] INFO  testCases.TC005_LoanTenureCalc - chrome opened successfully___☑️
16:19:49.755 [main] INFO  testCases.TC005_LoanTenureCalc - Website opened successfully___☑️
16:21:20.080 [main] INFO  testCases.TC005_LoanTenureCalc - chrome opened successfully___☑️
16:21:26.501 [main] INFO  testCases.TC005_LoanTenureCalc - Website opened successfully___☑️
16:26:33.879 [main] INFO  testCases.TC001_carLoan - chrome opened successfully___☑️
16:26:38.413 [main] INFO  testCases.TC001_carLoan - Website opened successfully___☑️
16:43:15.738 [main] INFO  testCases.TC001_carLoan - chrome opened successfully___☑️
16:43:21.958 [main] INFO  testCases.TC001_carLoan - Website opened successfully___☑️
16:47:09.457 [main] INFO  testCases.TC001_carLoan - chrome opened successfully___☑️
