00:50:13.891 [main] INFO  testCases.TC001_carLoan - Website opened successfully___☑️
00:51:30.551 [main] INFO  testCases.TC001_carLoan - Chrome opened successfully___☑️
00:51:30.566 [main] INFO  testCases.TC001_carLoan - Website opened successfully___☑️
00:53:18.558 [main] INFO  testCases.TC001_carLoan - Browser closed successfully___☑️
12:36:52.571 [main] INFO  testCases.TC001_carLoan - Chrome opened successfully___☑️
12:36:52.578 [main] INFO  testCases.TC001_carLoan - Website opened successfully___☑️
12:47:03.912 [main] INFO  testCases.TC001_carLoan - Chrome opened successfully___☑️
12:47:03.920 [main] INFO  testCases.TC001_carLoan - Website opened successfully___☑️
12:47:54.752 [main] INFO  testCases.TC001_carLoan - Chrome opened successfully___☑️
12:47:54.761 [main] INFO  testCases.TC001_carLoan - Website opened successfully___☑️
12:50:20.835 [main] INFO  testCases.TC001_carLoan - Chrome opened successfully___☑️
12:50:20.847 [main] INFO  testCases.TC001_carLoan - Website opened successfully___☑️
12:51:29.924 [main] INFO  testCases.TC001_carLoan - Browser closed successfully___☑️
12:56:17.088 [main] INFO  testCases.TC001_carLoan - Chrome opened successfully___☑️
12:56:17.099 [main] INFO  testCases.TC001_carLoan - Website opened successfully___☑️
12:57:09.950 [main] INFO  testCases.TC001_carLoan - Browser closed successfully___☑️
12:57:34.515 [main] INFO  testCases.TC001_carLoan - Chrome opened successfully___☑️
12:57:34.528 [main] INFO  testCases.TC001_carLoan - Website opened successfully___☑️
17:39:35.276 [main] INFO  testCases.TC001_carLoan - Chrome opened successfully___☑️
17:39:35.293 [main] INFO  testCases.TC001_carLoan - Website opened successfully___☑️
17:51:10.645 [main] INFO  testCases.TC001_carLoan - Chrome opened successfully___☑️
17:51:10.662 [main] INFO  testCases.TC001_carLoan - Website opened successfully___☑️
17:55:49.603 [main] INFO  testCases.TC001_carLoan - Chrome opened successfully___??
17:55:49.618 [main] INFO  testCases.TC001_carLoan - Website opened successfully___??
17:57:27.232 [main] INFO  testCases.TC001_carLoan - Browser closed successfully___??
20:59:21.527 [main] INFO  testCases.TC001_carLoan - Chrome opened successfully___☑️
20:59:21.734 [main] INFO  testCases.TC001_carLoan - Website opened successfully___☑️
10:21:43.073 [main] INFO  testCases.TC001_carLoan - Browser closed successfully___☑️
10:24:41.096 [main] INFO  testCases.TC001_carLoan - Chrome opened successfully___☑️
10:24:41.117 [main] INFO  testCases.TC001_carLoan - Website opened successfully___☑️
10:27:24.723 [main] INFO  testCases.TC001_carLoan - Browser closed successfully___☑️
10:48:10.171 [main] INFO  testCases.TC001_carLoan - Chrome opened successfully___☑️
10:48:10.195 [main] INFO  testCases.TC001_carLoan - Website opened successfully___☑️
10:50:23.813 [main] INFO  testCases.TC001_carLoan - Browser closed successfully___☑️
10:51:14.779 [main] INFO  testCases.TC001_carLoan - Chrome opened successfully___☑️
10:51:14.794 [main] INFO  testCases.TC001_carLoan - Website opened successfully___☑️
10:53:08.209 [main] INFO  testCases.TC001_carLoan - Browser closed successfully___☑️
