11:09:00.626 [main] INFO  testCases.TC001_carLoan - Website opened successfully___☑️
11:11:45.121 [main] INFO  testCases.TC001_carLoan - chrome opened successfully___☑️
11:11:49.926 [main] INFO  testCases.TC001_carLoan - Website opened successfully___☑️
11:13:47.450 [main] INFO  testCases.TC001_carLoan - chrome opened successfully___☑️
11:13:53.033 [main] INFO  testCases.TC001_carLoan - Website opened successfully___☑️
12:28:50.979 [main] INFO  testCases.TC002_homeLoan - chrome opened successfully___☑️
12:29:21.833 [main] INFO  testCases.TC002_homeLoan - Website opened successfully___☑️
12:31:33.193 [main] INFO  testCases.TC002_homeLoan - chrome opened successfully___☑️
12:32:05.119 [main] INFO  testCases.TC002_homeLoan - Website opened successfully___☑️
15:09:04.452 [main] INFO  testCases.TC002_homeLoan - chrome opened successfully___☑️
15:09:09.167 [main] INFO  testCases.TC002_homeLoan - Website opened successfully___☑️
15:11:43.949 [main] INFO  testCases.TC002_homeLoan - chrome opened successfully___☑️
15:11:51.612 [main] INFO  testCases.TC002_homeLoan - Website opened successfully___☑️
15:19:54.120 [main] INFO  testCases.TC002_homeLoan - chrome opened successfully___☑️
15:20:56.626 [main] INFO  testCases.TC002_homeLoan - chrome opened successfully___☑️
15:21:04.336 [main] INFO  testCases.TC002_homeLoan - Website opened successfully___☑️
15:22:19.608 [main] INFO  testCases.TC002_homeLoan - chrome opened successfully___☑️
15:22:28.726 [main] INFO  testCases.TC002_homeLoan - Website opened successfully___☑️
15:23:20.244 [main] INFO  testCases.TC002_homeLoan - chrome opened successfully___☑️
15:23:31.971 [main] INFO  testCases.TC002_homeLoan - Website opened successfully___☑️
15:28:05.981 [main] INFO  testCases.TC002_homeLoan - chrome opened successfully___☑️
15:28:30.209 [main] INFO  testCases.TC002_homeLoan - Website opened successfully___☑️
15:33:16.841 [main] INFO  testCases.TC002_homeLoan - chrome opened successfully___☑️
15:33:24.292 [main] INFO  testCases.TC002_homeLoan - Website opened successfully___☑️
15:59:17.528 [main] INFO  testCases.TC002_homeLoan - chrome opened successfully___☑️
15:59:24.906 [main] INFO  testCases.TC002_homeLoan - Website opened successfully___☑️
16:01:09.810 [main] INFO  testCases.TC002_homeLoan - chrome opened successfully___☑️
16:01:19.050 [main] INFO  testCases.TC002_homeLoan - Website opened successfully___☑️
16:04:13.182 [main] INFO  testCases.TC002_homeLoan - chrome opened successfully___☑️
16:04:20.459 [main] INFO  testCases.TC002_homeLoan - Website opened successfully___☑️
16:15:49.816 [main] INFO  testCases.TC002_homeLoan - chrome opened successfully___☑️
16:15:56.423 [main] INFO  testCases.TC002_homeLoan - Website opened successfully___☑️
16:17:39.292 [main] INFO  testCases.TC002_homeLoan - chrome opened successfully___☑️
16:17:48.354 [main] INFO  testCases.TC002_homeLoan - Website opened successfully___☑️
16:19:16.877 [main] INFO  testCases.TC002_homeLoan - chrome opened successfully___☑️
16:19:26.215 [main] INFO  testCases.TC002_homeLoan - Website opened successfully___☑️
16:20:28.948 [main] INFO  testCases.TC002_homeLoan - chrome opened successfully___☑️
16:20:37.081 [main] INFO  testCases.TC002_homeLoan - Website opened successfully___☑️
16:32:28.466 [main] INFO  testCases.TC002_homeLoan - chrome opened successfully___☑️
16:32:36.758 [main] INFO  testCases.TC002_homeLoan - Website opened successfully___☑️
17:09:08.513 [main] INFO  testCases.TC002_homeLoan - chrome opened successfully___☑️
17:09:13.155 [main] INFO  testCases.TC002_homeLoan - Website opened successfully___☑️
17:16:25.900 [main] INFO  testCases.TC002_homeLoan - chrome opened successfully___☑️
17:16:31.997 [main] INFO  testCases.TC002_homeLoan - Website opened successfully___☑️
17:18:57.544 [main] INFO  testCases.TC002_homeLoan - chrome opened successfully___☑️
17:19:08.057 [main] INFO  testCases.TC002_homeLoan - Website opened successfully___☑️
17:20:07.049 [main] INFO  testCases.TC002_homeLoan - chrome opened successfully___☑️
17:20:41.441 [main] INFO  testCases.TC002_homeLoan - Website opened successfully___☑️
17:55:21.969 [main] INFO  testCases.TC002_homeLoan - chrome opened successfully___☑️
17:55:45.761 [main] INFO  testCases.TC002_homeLoan - Website opened successfully___☑️
18:03:35.068 [main] INFO  testCases.TC002_homeLoan - chrome opened successfully___☑️
18:03:38.000 [main] INFO  testCases.TC002_homeLoan - Website opened successfully___☑️
22:54:34.381 [main] INFO  testCases.TC003_LoanCalc - chrome opened successfully___☑️
22:54:42.047 [main] INFO  testCases.TC003_LoanCalc - Website opened successfully___☑️
22:57:29.654 [main] INFO  testCases.TC003_LoanCalc - chrome opened successfully___☑️
22:57:38.034 [main] INFO  testCases.TC003_LoanCalc - Website opened successfully___☑️
