12:45:05.331 [main] INFO  stepDefinitions.Hooks -  Testing in chrome___
12:51:47.512 [main] INFO  stepDefinitions.Hooks -  Testing in chrome___
14:26:12.012 [main] INFO  stepDefinitions.Hooks -  Testing in chrome___
14:32:14.982 [main] INFO  stepDefinitions.Hooks -  Testing in chrome___
14:35:53.445 [main] INFO  stepDefinitions.Hooks -  Testing in chrome___
14:40:43.234 [main] INFO  stepDefinitions.Hooks -  Testing in chrome___
14:44:09.607 [main] INFO  stepDefinitions.Hooks -  Testing in chrome___
14:48:58.618 [main] INFO  stepDefinitions.Hooks -  Testing in chrome___
14:51:46.992 [main] INFO  stepDefinitions.Hooks -  Testing in chrome___
14:53:56.234 [main] INFO  stepDefinitions.Hooks -  Testing in chrome___
15:01:17.963 [main] INFO  stepDefinitions.Hooks -  Testing in chrome___
15:08:34.223 [main] INFO  stepDefinitions.Hooks -  Testing in chrome___
15:19:02.648 [main] INFO  stepDefinitions.Hooks -  Testing in chrome___
15:32:04.904 [main] INFO  stepDefinitions.Hooks -  Testing in chrome___
15:48:44.359 [main] INFO  stepDefinitions.Hooks -  Testing in chrome___
15:51:53.914 [main] INFO  stepDefinitions.Hooks -  Testing in chrome___
16:01:18.839 [main] INFO  testBase.BaseClass -  Testing in chrome___
16:01:18.851 [main] INFO  testBase.BaseClass - chrome opened successfully___☑️
16:01:25.824 [main] INFO  testBase.BaseClass - Website opened successfully___☑️
16:04:21.303 [main] INFO  testBase.BaseClass -  Testing in chrome___
16:04:21.313 [main] INFO  testBase.BaseClass - chrome opened successfully___☑️
16:04:36.064 [main] INFO  testBase.BaseClass - Website opened successfully___☑️
16:09:07.215 [main] INFO  testBase.BaseClass -  Testing in chrome___
16:09:07.228 [main] INFO  testBase.BaseClass - chrome opened successfully___☑️
16:09:12.204 [main] INFO  testBase.BaseClass - Website opened successfully___☑️
16:13:52.803 [main] INFO  testBase.BaseClass -  Testing in chrome___
16:13:52.815 [main] INFO  testBase.BaseClass - chrome opened successfully___☑️
16:13:56.202 [main] INFO  testBase.BaseClass - Website opened successfully___☑️
16:48:47.566 [main] INFO  testBase.BaseClass -  Testing in chrome___
16:48:47.583 [main] INFO  testBase.BaseClass - chrome opened successfully___☑️
16:49:21.175 [main] INFO  testBase.BaseClass - Website opened successfully___☑️
16:51:04.211 [main] INFO  testBase.BaseClass -  Testing in chrome___
16:51:04.226 [main] INFO  testBase.BaseClass - chrome opened successfully___☑️
16:51:09.826 [main] INFO  testBase.BaseClass - Website opened successfully___☑️
16:56:14.844 [main] INFO  testBase.BaseClass -  Testing in chrome___
16:56:14.865 [main] INFO  testBase.BaseClass - chrome opened successfully___☑️
16:56:20.388 [main] INFO  testBase.BaseClass - Website opened successfully___☑️
17:02:15.911 [main] INFO  testBase.BaseClass -  Testing in chrome___
17:02:15.937 [main] INFO  testBase.BaseClass - chrome opened successfully___☑️
17:02:21.884 [main] INFO  testBase.BaseClass - Website opened successfully___☑️
17:20:24.099 [main] INFO  testCases.TC001_carLoan -  Testing in chrome___
17:20:24.120 [main] INFO  testCases.TC001_carLoan - Chrome opened successfully___☑️
17:20:29.819 [main] INFO  testCases.TC001_carLoan - Website opened successfully___☑️
17:21:45.416 [main] INFO  testCases.TC001_carLoan - Browser closed successfully___☑️
17:23:58.759 [main] INFO  testCases.TC001_carLoan -  Testing in chrome___
17:23:58.773 [main] INFO  testCases.TC001_carLoan - Chrome opened successfully___☑️
17:24:02.779 [main] INFO  testCases.TC001_carLoan - Website opened successfully___☑️
17:25:36.673 [main] INFO  testCases.TC001_carLoan - Browser closed successfully___☑️
17:31:04.206 [main] INFO  testCases.TC001_carLoan -  Testing in chrome___
17:31:04.233 [main] INFO  testCases.TC001_carLoan - Chrome opened successfully___☑️
17:31:09.906 [main] INFO  testCases.TC001_carLoan - Website opened successfully___☑️
17:33:15.906 [main] INFO  testCases.TC001_carLoan - Browser closed successfully___☑️
17:33:53.280 [main] INFO  testCases.TC001_carLoan -  Testing in edge___
17:33:53.281 [main] INFO  testCases.TC001_carLoan - Edge opened successfully___☑️
17:34:00.301 [main] INFO  testCases.TC001_carLoan - Website opened successfully___☑️
17:34:10.326 [main] INFO  testCases.TC001_carLoan - Browser closed successfully___☑️
00:04:32.257 [main] INFO  testCases.TC001_carLoan -  Testing in chrome___
00:04:32.271 [main] INFO  testCases.TC001_carLoan - Chrome opened successfully___☑️
00:04:36.135 [main] INFO  testCases.TC001_carLoan - Website opened successfully___☑️
00:05:56.949 [main] INFO  testCases.TC001_carLoan - Browser closed successfully___☑️
00:42:54.633 [main] INFO  testCases.TC001_carLoan - Chrome opened successfully___☑️
00:42:54.644 [main] INFO  testCases.TC001_carLoan - Website opened successfully___☑️
00:50:13.877 [main] INFO  testCases.TC001_carLoan - Chrome opened successfully___☑️
